<?xml version="1.0" encoding="utf-8"?>
<shfbBuild product="Sandcastle Help File Builder Utilities" version="1.9.1.0" projectFile="C:\Users\mark\src\Mingle.NET\documentation.shfbproj" started="3/9/2012 4:29:38 PM">
<buildStep step="Initializing">
</buildStep>
<buildStep step="FindingTools">
Finding tools...
Found Sandcastle tools in &#39;C:\Program Files (x86)\Sandcastle\&#39;
Searching for HTML Help 1 compiler...
Found HTML Help 1 compiler in &#39;C:\Program Files (x86)\HTML Help Workshop\&#39;
</buildStep>
<buildStep step="ValidatingDocumentationSources">
Validating and copying documentation source information
Source: C:\Users\mark\src\Mingle.NET\build\ThoughtWorksCoreLib.dll
    Found assembly &#39;C:\Users\mark\src\Mingle.NET\build\ThoughtWorksCoreLib.dll&#39;
Source: C:\Users\mark\src\Mingle.NET\build\ThoughtWorksCoreLib.xml
Source: C:\Users\mark\src\Mingle.NET\build\ThoughtWorksMingleLib.dll
    Found assembly &#39;C:\Users\mark\src\Mingle.NET\build\ThoughtWorksMingleLib.dll&#39;
Source: C:\Users\mark\src\Mingle.NET\build\ThoughtWorksMingleLib.xml

Copying XML comments files
    C:\Users\mark\src\Mingle.NET\build\ThoughtWorksCoreLib.XML -&gt; C:\Users\mark\src\Mingle.NET\Help\Working\ThoughtWorksCoreLib.XML
    C:\Users\mark\src\Mingle.NET\build\ThoughtWorksMingleLib.XML -&gt; C:\Users\mark\src\Mingle.NET\Help\Working\ThoughtWorksMingleLib.XML
</buildStep>
<buildStep step="GenerateSharedContent">
Generating shared content files (en-US, English (United States))...
    Last step completed in 00:00:00.0250
</buildStep>
<buildStep step="GenerateApiFilter">
Generating API filter for MRefBuilder...
    Last step completed in 00:00:00.0090
</buildStep>
<buildStep step="GenerateReflectionInfo">
Generating reflection information...
[C:\Windows\Microsoft.NET\Framework\v3.5\MSBuild.exe]
GenerateRefInfo:
  MrefBuilder (v2.6.10621.1)
  Copyright c Microsoft 2006
  Info: Loaded 2 assemblies for reflection and 0 dependency assemblies.
  Info: Wrote information on 2 namespaces, 45 types, and 429 members
  XslTransform (v2.6.10621.1)
  Copyright c Microsoft 2005-2006
  Info: Applying XSL transformation &#39;C:\Program Files (x86)\Sandcastle\ProductionTransforms\MergeDuplicates.xsl&#39;.
  reflection.all -&gt; reflection.org
    Last step completed in 00:00:04.5503
</buildStep>
<buildStep step="GenerateNamespaceSummaries">
Generating namespace summary information...
    Last step completed in 00:00:00.0060
</buildStep>
<buildStep step="ApplyVisibilityProperties">
Applying visibility properties to reflection information file
    0 protected members noted for removal
    18 protected inherited framework members noted for removal
    Removing previously noted unwanted APIs and elements
    Last step completed in 00:00:00.2010
</buildStep>
<buildStep step="TransformReflectionInfo">
Transforming reflection output...
[C:\Windows\Microsoft.NET\Framework\v3.5\MSBuild.exe]
TransformManifest:
  XslTransform (v2.6.10621.1)
  Copyright c Microsoft 2005-2006
  Info: Applying XSL transformation &#39;C:\Program Files (x86)\Sandcastle\ProductionTransforms\ApplyVSDocModel.xsl&#39;.
  reflection.org -&gt; C:\Users\mark\AppData\Local\Temp\tmpCA85.tmp
  Info: Applying XSL transformation &#39;C:\Program Files (x86)\Sandcastle\ProductionTransforms\AddGuidFilenames.xsl&#39;.
  C:\Users\mark\AppData\Local\Temp\tmpCA85.tmp -&gt; reflection.xml
  XslTransform (v2.6.10621.1)
  Copyright c Microsoft 2005-2006
  Info: Applying XSL transformation &#39;C:\Program Files (x86)\Sandcastle\ProductionTransforms\ReflectionToManifest.xsl&#39;.
  reflection.xml -&gt; manifest.xml
    Last step completed in 00:00:01.4541
</buildStep>
<buildStep step="ModifyHelpTopicFilenames">
Modifying help topic filenames in reflection information file
    Unique name M_ThoughtWorksCoreLib_AuthenticatingWeb_Get_1 generated for M:ThoughtWorksCoreLib.AuthenticatingWeb.Get(System.String,System.Collections.Generic.IEnumerable{System.String})
    Unique name M_ThoughtWorksCoreLib_IWeb_Get_1 generated for M:ThoughtWorksCoreLib.IWeb.Get(System.String,System.Collections.Generic.IEnumerable{System.String})
    Unique name M_ThoughtWorksCoreLib_Web__ctor_1 generated for M:ThoughtWorksCoreLib.Web.#ctor(System.Action{System.Net.HttpWebRequest})
    Unique name M_ThoughtWorksCoreLib_Web__ctor_2 generated for M:ThoughtWorksCoreLib.Web.#ctor(System.Action{System.Net.HttpWebRequest},System.Action{System.Net.HttpWebRequest})
    Unique name M_ThoughtWorksCoreLib_Web_Get_1 generated for M:ThoughtWorksCoreLib.Web.Get(System.String,System.Collections.Generic.IEnumerable{System.String})
    Unique name M_ThoughtWorksMingleLib_IMingleServer_Get_1 generated for M:ThoughtWorksMingleLib.IMingleServer.Get(System.String,System.String,System.Collections.Generic.IEnumerable{System.String})
    Unique name M_ThoughtWorksMingleLib_MingleCard__ctor_1 generated for M:ThoughtWorksMingleLib.MingleCard.#ctor(System.String,ThoughtWorksMingleLib.IMingleProject)
    Unique name M_ThoughtWorksMingleLib_MingleCardCollection_Parse_1 generated for M:ThoughtWorksMingleLib.MingleCardCollection.Parse(System.Collections.ObjectModel.Collection{System.String})
    Unique name M_ThoughtWorksMingleLib_MingleCardCollection_Parse_2 generated for M:ThoughtWorksMingleLib.MingleCardCollection.Parse(System.Int32)
    Unique name M_ThoughtWorksMingleLib_MingleCardProperty__ctor_1 generated for M:ThoughtWorksMingleLib.MingleCardProperty.#ctor(System.String,ThoughtWorksMingleLib.IMingleProject)
    Unique name M_ThoughtWorksMingleLib_MingleCardType__ctor_1 generated for M:ThoughtWorksMingleLib.MingleCardType.#ctor(System.Xml.Linq.XElement)
    Unique name M_ThoughtWorksMingleLib_MingleEventsCategory__ctor_1 generated for M:ThoughtWorksMingleLib.MingleEventsCategory.#ctor(System.Xml.Linq.XElement)
    Unique name M_ThoughtWorksMingleLib_MingleEventsChange__ctor_1 generated for M:ThoughtWorksMingleLib.MingleEventsChange.#ctor(System.Xml.Linq.XElement)
    Unique name M_ThoughtWorksMingleLib_MingleEventsElementNillableValue__ctor_1 generated for M:ThoughtWorksMingleLib.MingleEventsElementNillableValue.#ctor(System.Xml.Linq.XElement)
    Unique name M_ThoughtWorksMingleLib_MingleEventsEntryContent__ctor_1 generated for M:ThoughtWorksMingleLib.MingleEventsEntryContent.#ctor(System.Xml.Linq.XElement)
    Unique name M_ThoughtWorksMingleLib_MingleEventsFeed__ctor_1 generated for M:ThoughtWorksMingleLib.MingleEventsFeed.#ctor(System.Xml.Linq.XElement)
    Unique name M_ThoughtWorksMingleLib_MingleEventsFeedEntry__ctor_1 generated for M:ThoughtWorksMingleLib.MingleEventsFeedEntry.#ctor(System.Xml.Linq.XElement)
    Unique name M_ThoughtWorksMingleLib_MingleEventsLink__ctor_1 generated for M:ThoughtWorksMingleLib.MingleEventsLink.#ctor(System.Xml.Linq.XElement)
    Unique name M_ThoughtWorksMingleLib_MingleEventsPropertyDefinition__ctor_1 generated for M:ThoughtWorksMingleLib.MingleEventsPropertyDefinition.#ctor(System.Xml.Linq.XElement)
    Unique name M_ThoughtWorksMingleLib_MingleFavorite__ctor_1 generated for M:ThoughtWorksMingleLib.MingleFavorite.#ctor(System.Xml.Linq.XElement)
    Unique name M_ThoughtWorksMingleLib_MingleFavoriteCollection_Parse_1 generated for M:ThoughtWorksMingleLib.MingleFavoriteCollection.Parse(System.String)
    Unique name M_ThoughtWorksMingleLib_MingleFilter__ctor_1 generated for M:ThoughtWorksMingleLib.MingleFilter.#ctor(System.String,System.String,System.String)
    Unique name M_ThoughtWorksMingleLib_MingleNotRunningException__ctor_1 generated for M:ThoughtWorksMingleLib.MingleNotRunningException.#ctor(System.Runtime.Serialization.SerializationInfo,System.Runtime.Serialization.StreamingContext)
    Unique name M_ThoughtWorksMingleLib_MingleNotRunningException__ctor_2 generated for M:ThoughtWorksMingleLib.MingleNotRunningException.#ctor(System.String)
    Unique name M_ThoughtWorksMingleLib_MingleNotRunningException__ctor_3 generated for M:ThoughtWorksMingleLib.MingleNotRunningException.#ctor(System.String,System.Exception)
    Unique name M_ThoughtWorksMingleLib_MingleProject_GetCards_1 generated for M:ThoughtWorksMingleLib.MingleProject.GetCards(System.Collections.ObjectModel.Collection{System.String})
    Unique name M_ThoughtWorksMingleLib_MingleProjectMemberCollection_Parse_1 generated for M:ThoughtWorksMingleLib.MingleProjectMemberCollection.Parse(System.String)
    Unique name M_ThoughtWorksMingleLib_MingleServer__ctor_1 generated for M:ThoughtWorksMingleLib.MingleServer.#ctor(System.String,System.String,System.String)
    Unique name M_ThoughtWorksMingleLib_MingleServer_Get_1 generated for M:ThoughtWorksMingleLib.MingleServer.Get(System.String,System.String,System.Collections.Generic.IEnumerable{System.String})
    Unique name M_ThoughtWorksMingleLib_MingleTransitionCollection_Parse_1 generated for M:ThoughtWorksMingleLib.MingleTransitionCollection.Parse(System.Int32)
    Unique name M_ThoughtWorksMingleLib_MingleWebException__ctor_1 generated for M:ThoughtWorksMingleLib.MingleWebException.#ctor(System.String)
    Unique name M_ThoughtWorksMingleLib_MingleWebException__ctor_2 generated for M:ThoughtWorksMingleLib.MingleWebException.#ctor(System.String,System.Exception)
    Last step completed in 00:00:00.0620
</buildStep>
<buildStep step="CopyStandardContent">
Copying standard help content...
C:\Program Files (x86)\Sandcastle\Presentation\vs2005\icons\adm.gif -&gt; C:\Users\mark\src\Mingle.NET\Help\Working\Output\HtmlHelp1\icons\adm.gif
C:\Program Files (x86)\Sandcastle\Presentation\vs2005\icons\adm_arch.gif -&gt; C:\Users\mark\src\Mingle.NET\Help\Working\Output\HtmlHelp1\icons\adm_arch.gif
C:\Program Files (x86)\Sandcastle\Presentation\vs2005\icons\adm_dev.gif -&gt; C:\Users\mark\src\Mingle.NET\Help\Working\Output\HtmlHelp1\icons\adm_dev.gif
C:\Program Files (x86)\Sandcastle\Presentation\vs2005\icons\adm_dev_arch.gif -&gt; C:\Users\mark\src\Mingle.NET\Help\Working\Output\HtmlHelp1\icons\adm_dev_arch.gif
C:\Program Files (x86)\Sandcastle\Presentation\vs2005\icons\alert_caution.gif -&gt; C:\Users\mark\src\Mingle.NET\Help\Working\Output\HtmlHelp1\icons\alert_caution.gif
C:\Program Files (x86)\Sandcastle\Presentation\vs2005\icons\alert_note.gif -&gt; C:\Users\mark\src\Mingle.NET\Help\Working\Output\HtmlHelp1\icons\alert_note.gif
C:\Program Files (x86)\Sandcastle\Presentation\vs2005\icons\alert_security.gif -&gt; C:\Users\mark\src\Mingle.NET\Help\Working\Output\HtmlHelp1\icons\alert_security.gif
C:\Program Files (x86)\Sandcastle\Presentation\vs2005\icons\arch.gif -&gt; C:\Users\mark\src\Mingle.NET\Help\Working\Output\HtmlHelp1\icons\arch.gif
C:\Program Files (x86)\Sandcastle\Presentation\vs2005\icons\big_adm.gif -&gt; C:\Users\mark\src\Mingle.NET\Help\Working\Output\HtmlHelp1\icons\big_adm.gif
C:\Program Files (x86)\Sandcastle\Presentation\vs2005\icons\big_arch.gif -&gt; C:\Users\mark\src\Mingle.NET\Help\Working\Output\HtmlHelp1\icons\big_arch.gif
C:\Program Files (x86)\Sandcastle\Presentation\vs2005\icons\big_dev.gif -&gt; C:\Users\mark\src\Mingle.NET\Help\Working\Output\HtmlHelp1\icons\big_dev.gif
C:\Program Files (x86)\Sandcastle\Presentation\vs2005\icons\big_kw.gif -&gt; C:\Users\mark\src\Mingle.NET\Help\Working\Output\HtmlHelp1\icons\big_kw.gif
C:\Program Files (x86)\Sandcastle\Presentation\vs2005\icons\box.gif -&gt; C:\Users\mark\src\Mingle.NET\Help\Working\Output\HtmlHelp1\icons\box.gif
C:\Program Files (x86)\Sandcastle\Presentation\vs2005\icons\Caution.gif -&gt; C:\Users\mark\src\Mingle.NET\Help\Working\Output\HtmlHelp1\icons\Caution.gif
C:\Program Files (x86)\Sandcastle\Presentation\vs2005\icons\CFW.gif -&gt; C:\Users\mark\src\Mingle.NET\Help\Working\Output\HtmlHelp1\icons\CFW.gif
C:\Program Files (x86)\Sandcastle\Presentation\vs2005\icons\collall.gif -&gt; C:\Users\mark\src\Mingle.NET\Help\Working\Output\HtmlHelp1\icons\collall.gif
C:\Program Files (x86)\Sandcastle\Presentation\vs2005\icons\collapse.gif -&gt; C:\Users\mark\src\Mingle.NET\Help\Working\Output\HtmlHelp1\icons\collapse.gif
C:\Program Files (x86)\Sandcastle\Presentation\vs2005\icons\collapse_all.gif -&gt; C:\Users\mark\src\Mingle.NET\Help\Working\Output\HtmlHelp1\icons\collapse_all.gif
C:\Program Files (x86)\Sandcastle\Presentation\vs2005\icons\copycode.gif -&gt; C:\Users\mark\src\Mingle.NET\Help\Working\Output\HtmlHelp1\icons\copycode.gif
C:\Program Files (x86)\Sandcastle\Presentation\vs2005\icons\copycodeHighlight.gif -&gt; C:\Users\mark\src\Mingle.NET\Help\Working\Output\HtmlHelp1\icons\copycodeHighlight.gif
C:\Program Files (x86)\Sandcastle\Presentation\vs2005\icons\dev.gif -&gt; C:\Users\mark\src\Mingle.NET\Help\Working\Output\HtmlHelp1\icons\dev.gif
C:\Program Files (x86)\Sandcastle\Presentation\vs2005\icons\dev_arch.gif -&gt; C:\Users\mark\src\Mingle.NET\Help\Working\Output\HtmlHelp1\icons\dev_arch.gif
C:\Program Files (x86)\Sandcastle\Presentation\vs2005\icons\dropdown.gif -&gt; C:\Users\mark\src\Mingle.NET\Help\Working\Output\HtmlHelp1\icons\dropdown.gif
C:\Program Files (x86)\Sandcastle\Presentation\vs2005\icons\dropdownHover.gif -&gt; C:\Users\mark\src\Mingle.NET\Help\Working\Output\HtmlHelp1\icons\dropdownHover.gif
C:\Program Files (x86)\Sandcastle\Presentation\vs2005\icons\drpdown.gif -&gt; C:\Users\mark\src\Mingle.NET\Help\Working\Output\HtmlHelp1\icons\drpdown.gif
C:\Program Files (x86)\Sandcastle\Presentation\vs2005\icons\drpdown_orange.gif -&gt; C:\Users\mark\src\Mingle.NET\Help\Working\Output\HtmlHelp1\icons\drpdown_orange.gif
C:\Program Files (x86)\Sandcastle\Presentation\vs2005\icons\drpdown_orange_up.gif -&gt; C:\Users\mark\src\Mingle.NET\Help\Working\Output\HtmlHelp1\icons\drpdown_orange_up.gif
C:\Program Files (x86)\Sandcastle\Presentation\vs2005\icons\drpup.gif -&gt; C:\Users\mark\src\Mingle.NET\Help\Working\Output\HtmlHelp1\icons\drpup.gif
C:\Program Files (x86)\Sandcastle\Presentation\vs2005\icons\exp.gif -&gt; C:\Users\mark\src\Mingle.NET\Help\Working\Output\HtmlHelp1\icons\exp.gif
C:\Program Files (x86)\Sandcastle\Presentation\vs2005\icons\expall.gif -&gt; C:\Users\mark\src\Mingle.NET\Help\Working\Output\HtmlHelp1\icons\expall.gif
C:\Program Files (x86)\Sandcastle\Presentation\vs2005\icons\expand_all.gif -&gt; C:\Users\mark\src\Mingle.NET\Help\Working\Output\HtmlHelp1\icons\expand_all.gif
C:\Program Files (x86)\Sandcastle\Presentation\vs2005\icons\filter1a.gif -&gt; C:\Users\mark\src\Mingle.NET\Help\Working\Output\HtmlHelp1\icons\filter1a.gif
C:\Program Files (x86)\Sandcastle\Presentation\vs2005\icons\filter1c.gif -&gt; C:\Users\mark\src\Mingle.NET\Help\Working\Output\HtmlHelp1\icons\filter1c.gif
C:\Program Files (x86)\Sandcastle\Presentation\vs2005\icons\footer.gif -&gt; C:\Users\mark\src\Mingle.NET\Help\Working\Output\HtmlHelp1\icons\footer.gif
C:\Program Files (x86)\Sandcastle\Presentation\vs2005\icons\gradient.gif -&gt; C:\Users\mark\src\Mingle.NET\Help\Working\Output\HtmlHelp1\icons\gradient.gif
C:\Program Files (x86)\Sandcastle\Presentation\vs2005\icons\greencheck.gif -&gt; C:\Users\mark\src\Mingle.NET\Help\Working\Output\HtmlHelp1\icons\greencheck.gif
C:\Program Files (x86)\Sandcastle\Presentation\vs2005\icons\greychck.gif -&gt; C:\Users\mark\src\Mingle.NET\Help\Working\Output\HtmlHelp1\icons\greychck.gif
C:\Program Files (x86)\Sandcastle\Presentation\vs2005\icons\header_prev_next.jpg -&gt; C:\Users\mark\src\Mingle.NET\Help\Working\Output\HtmlHelp1\icons\header_prev_next.jpg
C:\Program Files (x86)\Sandcastle\Presentation\vs2005\icons\header_sql_tutorial_blank.jpg -&gt; C:\Users\mark\src\Mingle.NET\Help\Working\Output\HtmlHelp1\icons\header_sql_tutorial_blank.jpg
C:\Program Files (x86)\Sandcastle\Presentation\vs2005\icons\header_sql_tutorial_logo.GIF -&gt; C:\Users\mark\src\Mingle.NET\Help\Working\Output\HtmlHelp1\icons\header_sql_tutorial_logo.GIF
C:\Program Files (x86)\Sandcastle\Presentation\vs2005\icons\kw.gif -&gt; C:\Users\mark\src\Mingle.NET\Help\Working\Output\HtmlHelp1\icons\kw.gif
C:\Program Files (x86)\Sandcastle\Presentation\vs2005\icons\kw_adm.gif -&gt; C:\Users\mark\src\Mingle.NET\Help\Working\Output\HtmlHelp1\icons\kw_adm.gif
C:\Program Files (x86)\Sandcastle\Presentation\vs2005\icons\kw_adm_arch.gif -&gt; C:\Users\mark\src\Mingle.NET\Help\Working\Output\HtmlHelp1\icons\kw_adm_arch.gif
C:\Program Files (x86)\Sandcastle\Presentation\vs2005\icons\kw_adm_dev.gif -&gt; C:\Users\mark\src\Mingle.NET\Help\Working\Output\HtmlHelp1\icons\kw_adm_dev.gif
C:\Program Files (x86)\Sandcastle\Presentation\vs2005\icons\kw_adm_dev_arch.gif -&gt; C:\Users\mark\src\Mingle.NET\Help\Working\Output\HtmlHelp1\icons\kw_adm_dev_arch.gif
C:\Program Files (x86)\Sandcastle\Presentation\vs2005\icons\kw_arch.gif -&gt; C:\Users\mark\src\Mingle.NET\Help\Working\Output\HtmlHelp1\icons\kw_arch.gif
C:\Program Files (x86)\Sandcastle\Presentation\vs2005\icons\kw_dev.gif -&gt; C:\Users\mark\src\Mingle.NET\Help\Working\Output\HtmlHelp1\icons\kw_dev.gif
C:\Program Files (x86)\Sandcastle\Presentation\vs2005\icons\kw_dev_arch.gif -&gt; C:\Users\mark\src\Mingle.NET\Help\Working\Output\HtmlHelp1\icons\kw_dev_arch.gif
C:\Program Files (x86)\Sandcastle\Presentation\vs2005\icons\LastChild.gif -&gt; C:\Users\mark\src\Mingle.NET\Help\Working\Output\HtmlHelp1\icons\LastChild.gif
C:\Program Files (x86)\Sandcastle\Presentation\vs2005\icons\load.gif -&gt; C:\Users\mark\src\Mingle.NET\Help\Working\Output\HtmlHelp1\icons\load.gif
C:\Program Files (x86)\Sandcastle\Presentation\vs2005\icons\load_hover.gif -&gt; C:\Users\mark\src\Mingle.NET\Help\Working\Output\HtmlHelp1\icons\load_hover.gif
C:\Program Files (x86)\Sandcastle\Presentation\vs2005\icons\note.gif -&gt; C:\Users\mark\src\Mingle.NET\Help\Working\Output\HtmlHelp1\icons\note.gif
C:\Program Files (x86)\Sandcastle\Presentation\vs2005\icons\pencil.GIF -&gt; C:\Users\mark\src\Mingle.NET\Help\Working\Output\HtmlHelp1\icons\pencil.GIF
C:\Program Files (x86)\Sandcastle\Presentation\vs2005\icons\privclass.gif -&gt; C:\Users\mark\src\Mingle.NET\Help\Working\Output\HtmlHelp1\icons\privclass.gif
C:\Program Files (x86)\Sandcastle\Presentation\vs2005\icons\privdelegate.gif -&gt; C:\Users\mark\src\Mingle.NET\Help\Working\Output\HtmlHelp1\icons\privdelegate.gif
C:\Program Files (x86)\Sandcastle\Presentation\vs2005\icons\privenum.gif -&gt; C:\Users\mark\src\Mingle.NET\Help\Working\Output\HtmlHelp1\icons\privenum.gif
C:\Program Files (x86)\Sandcastle\Presentation\vs2005\icons\privenumeration.gif -&gt; C:\Users\mark\src\Mingle.NET\Help\Working\Output\HtmlHelp1\icons\privenumeration.gif
C:\Program Files (x86)\Sandcastle\Presentation\vs2005\icons\privevent.gif -&gt; C:\Users\mark\src\Mingle.NET\Help\Working\Output\HtmlHelp1\icons\privevent.gif
C:\Program Files (x86)\Sandcastle\Presentation\vs2005\icons\privextension.gif -&gt; C:\Users\mark\src\Mingle.NET\Help\Working\Output\HtmlHelp1\icons\privextension.gif
C:\Program Files (x86)\Sandcastle\Presentation\vs2005\icons\privfield.gif -&gt; C:\Users\mark\src\Mingle.NET\Help\Working\Output\HtmlHelp1\icons\privfield.gif
C:\Program Files (x86)\Sandcastle\Presentation\vs2005\icons\privinterface.gif -&gt; C:\Users\mark\src\Mingle.NET\Help\Working\Output\HtmlHelp1\icons\privinterface.gif
C:\Program Files (x86)\Sandcastle\Presentation\vs2005\icons\privmethod.gif -&gt; C:\Users\mark\src\Mingle.NET\Help\Working\Output\HtmlHelp1\icons\privmethod.gif
C:\Program Files (x86)\Sandcastle\Presentation\vs2005\icons\privproperty.gif -&gt; C:\Users\mark\src\Mingle.NET\Help\Working\Output\HtmlHelp1\icons\privproperty.gif
C:\Program Files (x86)\Sandcastle\Presentation\vs2005\icons\privstructure.gif -&gt; C:\Users\mark\src\Mingle.NET\Help\Working\Output\HtmlHelp1\icons\privstructure.gif
C:\Program Files (x86)\Sandcastle\Presentation\vs2005\icons\protclass.gif -&gt; C:\Users\mark\src\Mingle.NET\Help\Working\Output\HtmlHelp1\icons\protclass.gif
C:\Program Files (x86)\Sandcastle\Presentation\vs2005\icons\protdelegate.gif -&gt; C:\Users\mark\src\Mingle.NET\Help\Working\Output\HtmlHelp1\icons\protdelegate.gif
C:\Program Files (x86)\Sandcastle\Presentation\vs2005\icons\protenum.gif -&gt; C:\Users\mark\src\Mingle.NET\Help\Working\Output\HtmlHelp1\icons\protenum.gif
C:\Program Files (x86)\Sandcastle\Presentation\vs2005\icons\protenumeration.gif -&gt; C:\Users\mark\src\Mingle.NET\Help\Working\Output\HtmlHelp1\icons\protenumeration.gif
C:\Program Files (x86)\Sandcastle\Presentation\vs2005\icons\protevent.gif -&gt; C:\Users\mark\src\Mingle.NET\Help\Working\Output\HtmlHelp1\icons\protevent.gif
C:\Program Files (x86)\Sandcastle\Presentation\vs2005\icons\protextension.gif -&gt; C:\Users\mark\src\Mingle.NET\Help\Working\Output\HtmlHelp1\icons\protextension.gif
C:\Program Files (x86)\Sandcastle\Presentation\vs2005\icons\protfield.gif -&gt; C:\Users\mark\src\Mingle.NET\Help\Working\Output\HtmlHelp1\icons\protfield.gif
C:\Program Files (x86)\Sandcastle\Presentation\vs2005\icons\protinterface.gif -&gt; C:\Users\mark\src\Mingle.NET\Help\Working\Output\HtmlHelp1\icons\protinterface.gif
C:\Program Files (x86)\Sandcastle\Presentation\vs2005\icons\protmethod.gif -&gt; C:\Users\mark\src\Mingle.NET\Help\Working\Output\HtmlHelp1\icons\protmethod.gif
C:\Program Files (x86)\Sandcastle\Presentation\vs2005\icons\protoperator.gif -&gt; C:\Users\mark\src\Mingle.NET\Help\Working\Output\HtmlHelp1\icons\protoperator.gif
C:\Program Files (x86)\Sandcastle\Presentation\vs2005\icons\protproperty.gif -&gt; C:\Users\mark\src\Mingle.NET\Help\Working\Output\HtmlHelp1\icons\protproperty.gif
C:\Program Files (x86)\Sandcastle\Presentation\vs2005\icons\protstructure.gif -&gt; C:\Users\mark\src\Mingle.NET\Help\Working\Output\HtmlHelp1\icons\protstructure.gif
C:\Program Files (x86)\Sandcastle\Presentation\vs2005\icons\pubclass.gif -&gt; C:\Users\mark\src\Mingle.NET\Help\Working\Output\HtmlHelp1\icons\pubclass.gif
C:\Program Files (x86)\Sandcastle\Presentation\vs2005\icons\pubdelegate.gif -&gt; C:\Users\mark\src\Mingle.NET\Help\Working\Output\HtmlHelp1\icons\pubdelegate.gif
C:\Program Files (x86)\Sandcastle\Presentation\vs2005\icons\pubenum.gif -&gt; C:\Users\mark\src\Mingle.NET\Help\Working\Output\HtmlHelp1\icons\pubenum.gif
C:\Program Files (x86)\Sandcastle\Presentation\vs2005\icons\pubenumeration.gif -&gt; C:\Users\mark\src\Mingle.NET\Help\Working\Output\HtmlHelp1\icons\pubenumeration.gif
C:\Program Files (x86)\Sandcastle\Presentation\vs2005\icons\pubevent.gif -&gt; C:\Users\mark\src\Mingle.NET\Help\Working\Output\HtmlHelp1\icons\pubevent.gif
C:\Program Files (x86)\Sandcastle\Presentation\vs2005\icons\pubextension.gif -&gt; C:\Users\mark\src\Mingle.NET\Help\Working\Output\HtmlHelp1\icons\pubextension.gif
C:\Program Files (x86)\Sandcastle\Presentation\vs2005\icons\pubfield.gif -&gt; C:\Users\mark\src\Mingle.NET\Help\Working\Output\HtmlHelp1\icons\pubfield.gif
C:\Program Files (x86)\Sandcastle\Presentation\vs2005\icons\pubinterface.gif -&gt; C:\Users\mark\src\Mingle.NET\Help\Working\Output\HtmlHelp1\icons\pubinterface.gif
C:\Program Files (x86)\Sandcastle\Presentation\vs2005\icons\pubmethod.gif -&gt; C:\Users\mark\src\Mingle.NET\Help\Working\Output\HtmlHelp1\icons\pubmethod.gif
C:\Program Files (x86)\Sandcastle\Presentation\vs2005\icons\puboperator.gif -&gt; C:\Users\mark\src\Mingle.NET\Help\Working\Output\HtmlHelp1\icons\puboperator.gif
C:\Program Files (x86)\Sandcastle\Presentation\vs2005\icons\pubproperty.gif -&gt; C:\Users\mark\src\Mingle.NET\Help\Working\Output\HtmlHelp1\icons\pubproperty.gif
C:\Program Files (x86)\Sandcastle\Presentation\vs2005\icons\pubstructure.gif -&gt; C:\Users\mark\src\Mingle.NET\Help\Working\Output\HtmlHelp1\icons\pubstructure.gif
C:\Program Files (x86)\Sandcastle\Presentation\vs2005\icons\requirements1a.gif -&gt; C:\Users\mark\src\Mingle.NET\Help\Working\Output\HtmlHelp1\icons\requirements1a.gif
C:\Program Files (x86)\Sandcastle\Presentation\vs2005\icons\requirements1c.gif -&gt; C:\Users\mark\src\Mingle.NET\Help\Working\Output\HtmlHelp1\icons\requirements1c.gif
C:\Program Files (x86)\Sandcastle\Presentation\vs2005\icons\save.gif -&gt; C:\Users\mark\src\Mingle.NET\Help\Working\Output\HtmlHelp1\icons\save.gif
C:\Program Files (x86)\Sandcastle\Presentation\vs2005\icons\save_hover.gif -&gt; C:\Users\mark\src\Mingle.NET\Help\Working\Output\HtmlHelp1\icons\save_hover.gif
C:\Program Files (x86)\Sandcastle\Presentation\vs2005\icons\security.gif -&gt; C:\Users\mark\src\Mingle.NET\Help\Working\Output\HtmlHelp1\icons\security.gif
C:\Program Files (x86)\Sandcastle\Presentation\vs2005\icons\seealso1a.gif -&gt; C:\Users\mark\src\Mingle.NET\Help\Working\Output\HtmlHelp1\icons\seealso1a.gif
C:\Program Files (x86)\Sandcastle\Presentation\vs2005\icons\seealso1c.gif -&gt; C:\Users\mark\src\Mingle.NET\Help\Working\Output\HtmlHelp1\icons\seealso1c.gif
C:\Program Files (x86)\Sandcastle\Presentation\vs2005\icons\slMobile.gif -&gt; C:\Users\mark\src\Mingle.NET\Help\Working\Output\HtmlHelp1\icons\slMobile.gif
C:\Program Files (x86)\Sandcastle\Presentation\vs2005\icons\static.gif -&gt; C:\Users\mark\src\Mingle.NET\Help\Working\Output\HtmlHelp1\icons\static.gif
C:\Program Files (x86)\Sandcastle\Presentation\vs2005\icons\xna.gif -&gt; C:\Users\mark\src\Mingle.NET\Help\Working\Output\HtmlHelp1\icons\xna.gif
C:\Program Files (x86)\Sandcastle\Presentation\vs2005\scripts\CheckboxMenu.js -&gt; C:\Users\mark\src\Mingle.NET\Help\Working\Output\HtmlHelp1\scripts\CheckboxMenu.js
C:\Program Files (x86)\Sandcastle\Presentation\vs2005\scripts\CommonUtilities.js -&gt; C:\Users\mark\src\Mingle.NET\Help\Working\Output\HtmlHelp1\scripts\CommonUtilities.js
C:\Program Files (x86)\Sandcastle\Presentation\vs2005\scripts\Dropdown.js -&gt; C:\Users\mark\src\Mingle.NET\Help\Working\Output\HtmlHelp1\scripts\Dropdown.js
C:\Program Files (x86)\Sandcastle\Presentation\vs2005\scripts\EventUtilities.js -&gt; C:\Users\mark\src\Mingle.NET\Help\Working\Output\HtmlHelp1\scripts\EventUtilities.js
C:\Program Files (x86)\Sandcastle\Presentation\vs2005\scripts\script_feedBack.js -&gt; C:\Users\mark\src\Mingle.NET\Help\Working\Output\HtmlHelp1\scripts\script_feedBack.js
C:\Program Files (x86)\Sandcastle\Presentation\vs2005\scripts\script_manifold.js -&gt; C:\Users\mark\src\Mingle.NET\Help\Working\Output\HtmlHelp1\scripts\script_manifold.js
C:\Program Files (x86)\Sandcastle\Presentation\vs2005\scripts\SplitScreen.js -&gt; C:\Users\mark\src\Mingle.NET\Help\Working\Output\HtmlHelp1\scripts\SplitScreen.js
C:\Program Files (x86)\Sandcastle\Presentation\vs2005\styles\Presentation.css -&gt; C:\Users\mark\src\Mingle.NET\Help\Working\Output\HtmlHelp1\styles\Presentation.css
C:\Program Files (x86)\Sandcastle\Presentation\vs2005\styles\Whidbey\presentation.css -&gt; C:\Users\mark\src\Mingle.NET\Help\Working\Output\HtmlHelp1\styles\Whidbey\presentation.css
C:\Program Files (x86)\Sandcastle\Presentation\vs2005\icons\adm.gif -&gt; C:\Users\mark\src\Mingle.NET\Help\Working\Output\MSHelpViewer\icons\adm.gif
C:\Program Files (x86)\Sandcastle\Presentation\vs2005\icons\adm_arch.gif -&gt; C:\Users\mark\src\Mingle.NET\Help\Working\Output\MSHelpViewer\icons\adm_arch.gif
C:\Program Files (x86)\Sandcastle\Presentation\vs2005\icons\adm_dev.gif -&gt; C:\Users\mark\src\Mingle.NET\Help\Working\Output\MSHelpViewer\icons\adm_dev.gif
C:\Program Files (x86)\Sandcastle\Presentation\vs2005\icons\adm_dev_arch.gif -&gt; C:\Users\mark\src\Mingle.NET\Help\Working\Output\MSHelpViewer\icons\adm_dev_arch.gif
C:\Program Files (x86)\Sandcastle\Presentation\vs2005\icons\alert_caution.gif -&gt; C:\Users\mark\src\Mingle.NET\Help\Working\Output\MSHelpViewer\icons\alert_caution.gif
C:\Program Files (x86)\Sandcastle\Presentation\vs2005\icons\alert_note.gif -&gt; C:\Users\mark\src\Mingle.NET\Help\Working\Output\MSHelpViewer\icons\alert_note.gif
C:\Program Files (x86)\Sandcastle\Presentation\vs2005\icons\alert_security.gif -&gt; C:\Users\mark\src\Mingle.NET\Help\Working\Output\MSHelpViewer\icons\alert_security.gif
C:\Program Files (x86)\Sandcastle\Presentation\vs2005\icons\arch.gif -&gt; C:\Users\mark\src\Mingle.NET\Help\Working\Output\MSHelpViewer\icons\arch.gif
C:\Program Files (x86)\Sandcastle\Presentation\vs2005\icons\big_adm.gif -&gt; C:\Users\mark\src\Mingle.NET\Help\Working\Output\MSHelpViewer\icons\big_adm.gif
C:\Program Files (x86)\Sandcastle\Presentation\vs2005\icons\big_arch.gif -&gt; C:\Users\mark\src\Mingle.NET\Help\Working\Output\MSHelpViewer\icons\big_arch.gif
C:\Program Files (x86)\Sandcastle\Presentation\vs2005\icons\big_dev.gif -&gt; C:\Users\mark\src\Mingle.NET\Help\Working\Output\MSHelpViewer\icons\big_dev.gif
C:\Program Files (x86)\Sandcastle\Presentation\vs2005\icons\big_kw.gif -&gt; C:\Users\mark\src\Mingle.NET\Help\Working\Output\MSHelpViewer\icons\big_kw.gif
C:\Program Files (x86)\Sandcastle\Presentation\vs2005\icons\box.gif -&gt; C:\Users\mark\src\Mingle.NET\Help\Working\Output\MSHelpViewer\icons\box.gif
C:\Program Files (x86)\Sandcastle\Presentation\vs2005\icons\Caution.gif -&gt; C:\Users\mark\src\Mingle.NET\Help\Working\Output\MSHelpViewer\icons\Caution.gif
C:\Program Files (x86)\Sandcastle\Presentation\vs2005\icons\CFW.gif -&gt; C:\Users\mark\src\Mingle.NET\Help\Working\Output\MSHelpViewer\icons\CFW.gif
C:\Program Files (x86)\Sandcastle\Presentation\vs2005\icons\collall.gif -&gt; C:\Users\mark\src\Mingle.NET\Help\Working\Output\MSHelpViewer\icons\collall.gif
C:\Program Files (x86)\Sandcastle\Presentation\vs2005\icons\collapse.gif -&gt; C:\Users\mark\src\Mingle.NET\Help\Working\Output\MSHelpViewer\icons\collapse.gif
C:\Program Files (x86)\Sandcastle\Presentation\vs2005\icons\collapse_all.gif -&gt; C:\Users\mark\src\Mingle.NET\Help\Working\Output\MSHelpViewer\icons\collapse_all.gif
C:\Program Files (x86)\Sandcastle\Presentation\vs2005\icons\copycode.gif -&gt; C:\Users\mark\src\Mingle.NET\Help\Working\Output\MSHelpViewer\icons\copycode.gif
C:\Program Files (x86)\Sandcastle\Presentation\vs2005\icons\copycodeHighlight.gif -&gt; C:\Users\mark\src\Mingle.NET\Help\Working\Output\MSHelpViewer\icons\copycodeHighlight.gif
C:\Program Files (x86)\Sandcastle\Presentation\vs2005\icons\dev.gif -&gt; C:\Users\mark\src\Mingle.NET\Help\Working\Output\MSHelpViewer\icons\dev.gif
C:\Program Files (x86)\Sandcastle\Presentation\vs2005\icons\dev_arch.gif -&gt; C:\Users\mark\src\Mingle.NET\Help\Working\Output\MSHelpViewer\icons\dev_arch.gif
C:\Program Files (x86)\Sandcastle\Presentation\vs2005\icons\dropdown.gif -&gt; C:\Users\mark\src\Mingle.NET\Help\Working\Output\MSHelpViewer\icons\dropdown.gif
C:\Program Files (x86)\Sandcastle\Presentation\vs2005\icons\dropdownHover.gif -&gt; C:\Users\mark\src\Mingle.NET\Help\Working\Output\MSHelpViewer\icons\dropdownHover.gif
C:\Program Files (x86)\Sandcastle\Presentation\vs2005\icons\drpdown.gif -&gt; C:\Users\mark\src\Mingle.NET\Help\Working\Output\MSHelpViewer\icons\drpdown.gif
C:\Program Files (x86)\Sandcastle\Presentation\vs2005\icons\drpdown_orange.gif -&gt; C:\Users\mark\src\Mingle.NET\Help\Working\Output\MSHelpViewer\icons\drpdown_orange.gif
C:\Program Files (x86)\Sandcastle\Presentation\vs2005\icons\drpdown_orange_up.gif -&gt; C:\Users\mark\src\Mingle.NET\Help\Working\Output\MSHelpViewer\icons\drpdown_orange_up.gif
C:\Program Files (x86)\Sandcastle\Presentation\vs2005\icons\drpup.gif -&gt; C:\Users\mark\src\Mingle.NET\Help\Working\Output\MSHelpViewer\icons\drpup.gif
C:\Program Files (x86)\Sandcastle\Presentation\vs2005\icons\exp.gif -&gt; C:\Users\mark\src\Mingle.NET\Help\Working\Output\MSHelpViewer\icons\exp.gif
C:\Program Files (x86)\Sandcastle\Presentation\vs2005\icons\expall.gif -&gt; C:\Users\mark\src\Mingle.NET\Help\Working\Output\MSHelpViewer\icons\expall.gif
C:\Program Files (x86)\Sandcastle\Presentation\vs2005\icons\expand_all.gif -&gt; C:\Users\mark\src\Mingle.NET\Help\Working\Output\MSHelpViewer\icons\expand_all.gif
C:\Program Files (x86)\Sandcastle\Presentation\vs2005\icons\filter1a.gif -&gt; C:\Users\mark\src\Mingle.NET\Help\Working\Output\MSHelpViewer\icons\filter1a.gif
C:\Program Files (x86)\Sandcastle\Presentation\vs2005\icons\filter1c.gif -&gt; C:\Users\mark\src\Mingle.NET\Help\Working\Output\MSHelpViewer\icons\filter1c.gif
C:\Program Files (x86)\Sandcastle\Presentation\vs2005\icons\footer.gif -&gt; C:\Users\mark\src\Mingle.NET\Help\Working\Output\MSHelpViewer\icons\footer.gif
C:\Program Files (x86)\Sandcastle\Presentation\vs2005\icons\gradient.gif -&gt; C:\Users\mark\src\Mingle.NET\Help\Working\Output\MSHelpViewer\icons\gradient.gif
C:\Program Files (x86)\Sandcastle\Presentation\vs2005\icons\greencheck.gif -&gt; C:\Users\mark\src\Mingle.NET\Help\Working\Output\MSHelpViewer\icons\greencheck.gif
C:\Program Files (x86)\Sandcastle\Presentation\vs2005\icons\greychck.gif -&gt; C:\Users\mark\src\Mingle.NET\Help\Working\Output\MSHelpViewer\icons\greychck.gif
C:\Program Files (x86)\Sandcastle\Presentation\vs2005\icons\header_prev_next.jpg -&gt; C:\Users\mark\src\Mingle.NET\Help\Working\Output\MSHelpViewer\icons\header_prev_next.jpg
C:\Program Files (x86)\Sandcastle\Presentation\vs2005\icons\header_sql_tutorial_blank.jpg -&gt; C:\Users\mark\src\Mingle.NET\Help\Working\Output\MSHelpViewer\icons\header_sql_tutorial_blank.jpg
C:\Program Files (x86)\Sandcastle\Presentation\vs2005\icons\header_sql_tutorial_logo.GIF -&gt; C:\Users\mark\src\Mingle.NET\Help\Working\Output\MSHelpViewer\icons\header_sql_tutorial_logo.GIF
C:\Program Files (x86)\Sandcastle\Presentation\vs2005\icons\kw.gif -&gt; C:\Users\mark\src\Mingle.NET\Help\Working\Output\MSHelpViewer\icons\kw.gif
C:\Program Files (x86)\Sandcastle\Presentation\vs2005\icons\kw_adm.gif -&gt; C:\Users\mark\src\Mingle.NET\Help\Working\Output\MSHelpViewer\icons\kw_adm.gif
C:\Program Files (x86)\Sandcastle\Presentation\vs2005\icons\kw_adm_arch.gif -&gt; C:\Users\mark\src\Mingle.NET\Help\Working\Output\MSHelpViewer\icons\kw_adm_arch.gif
C:\Program Files (x86)\Sandcastle\Presentation\vs2005\icons\kw_adm_dev.gif -&gt; C:\Users\mark\src\Mingle.NET\Help\Working\Output\MSHelpViewer\icons\kw_adm_dev.gif
C:\Program Files (x86)\Sandcastle\Presentation\vs2005\icons\kw_adm_dev_arch.gif -&gt; C:\Users\mark\src\Mingle.NET\Help\Working\Output\MSHelpViewer\icons\kw_adm_dev_arch.gif
C:\Program Files (x86)\Sandcastle\Presentation\vs2005\icons\kw_arch.gif -&gt; C:\Users\mark\src\Mingle.NET\Help\Working\Output\MSHelpViewer\icons\kw_arch.gif
C:\Program Files (x86)\Sandcastle\Presentation\vs2005\icons\kw_dev.gif -&gt; C:\Users\mark\src\Mingle.NET\Help\Working\Output\MSHelpViewer\icons\kw_dev.gif
C:\Program Files (x86)\Sandcastle\Presentation\vs2005\icons\kw_dev_arch.gif -&gt; C:\Users\mark\src\Mingle.NET\Help\Working\Output\MSHelpViewer\icons\kw_dev_arch.gif
C:\Program Files (x86)\Sandcastle\Presentation\vs2005\icons\LastChild.gif -&gt; C:\Users\mark\src\Mingle.NET\Help\Working\Output\MSHelpViewer\icons\LastChild.gif
C:\Program Files (x86)\Sandcastle\Presentation\vs2005\icons\load.gif -&gt; C:\Users\mark\src\Mingle.NET\Help\Working\Output\MSHelpViewer\icons\load.gif
C:\Program Files (x86)\Sandcastle\Presentation\vs2005\icons\load_hover.gif -&gt; C:\Users\mark\src\Mingle.NET\Help\Working\Output\MSHelpViewer\icons\load_hover.gif
C:\Program Files (x86)\Sandcastle\Presentation\vs2005\icons\note.gif -&gt; C:\Users\mark\src\Mingle.NET\Help\Working\Output\MSHelpViewer\icons\note.gif
C:\Program Files (x86)\Sandcastle\Presentation\vs2005\icons\pencil.GIF -&gt; C:\Users\mark\src\Mingle.NET\Help\Working\Output\MSHelpViewer\icons\pencil.GIF
C:\Program Files (x86)\Sandcastle\Presentation\vs2005\icons\privclass.gif -&gt; C:\Users\mark\src\Mingle.NET\Help\Working\Output\MSHelpViewer\icons\privclass.gif
C:\Program Files (x86)\Sandcastle\Presentation\vs2005\icons\privdelegate.gif -&gt; C:\Users\mark\src\Mingle.NET\Help\Working\Output\MSHelpViewer\icons\privdelegate.gif
C:\Program Files (x86)\Sandcastle\Presentation\vs2005\icons\privenum.gif -&gt; C:\Users\mark\src\Mingle.NET\Help\Working\Output\MSHelpViewer\icons\privenum.gif
C:\Program Files (x86)\Sandcastle\Presentation\vs2005\icons\privenumeration.gif -&gt; C:\Users\mark\src\Mingle.NET\Help\Working\Output\MSHelpViewer\icons\privenumeration.gif
C:\Program Files (x86)\Sandcastle\Presentation\vs2005\icons\privevent.gif -&gt; C:\Users\mark\src\Mingle.NET\Help\Working\Output\MSHelpViewer\icons\privevent.gif
C:\Program Files (x86)\Sandcastle\Presentation\vs2005\icons\privextension.gif -&gt; C:\Users\mark\src\Mingle.NET\Help\Working\Output\MSHelpViewer\icons\privextension.gif
C:\Program Files (x86)\Sandcastle\Presentation\vs2005\icons\privfield.gif -&gt; C:\Users\mark\src\Mingle.NET\Help\Working\Output\MSHelpViewer\icons\privfield.gif
C:\Program Files (x86)\Sandcastle\Presentation\vs2005\icons\privinterface.gif -&gt; C:\Users\mark\src\Mingle.NET\Help\Working\Output\MSHelpViewer\icons\privinterface.gif
C:\Program Files (x86)\Sandcastle\Presentation\vs2005\icons\privmethod.gif -&gt; C:\Users\mark\src\Mingle.NET\Help\Working\Output\MSHelpViewer\icons\privmethod.gif
C:\Program Files (x86)\Sandcastle\Presentation\vs2005\icons\privproperty.gif -&gt; C:\Users\mark\src\Mingle.NET\Help\Working\Output\MSHelpViewer\icons\privproperty.gif
C:\Program Files (x86)\Sandcastle\Presentation\vs2005\icons\privstructure.gif -&gt; C:\Users\mark\src\Mingle.NET\Help\Working\Output\MSHelpViewer\icons\privstructure.gif
C:\Program Files (x86)\Sandcastle\Presentation\vs2005\icons\protclass.gif -&gt; C:\Users\mark\src\Mingle.NET\Help\Working\Output\MSHelpViewer\icons\protclass.gif
C:\Program Files (x86)\Sandcastle\Presentation\vs2005\icons\protdelegate.gif -&gt; C:\Users\mark\src\Mingle.NET\Help\Working\Output\MSHelpViewer\icons\protdelegate.gif
C:\Program Files (x86)\Sandcastle\Presentation\vs2005\icons\protenum.gif -&gt; C:\Users\mark\src\Mingle.NET\Help\Working\Output\MSHelpViewer\icons\protenum.gif
C:\Program Files (x86)\Sandcastle\Presentation\vs2005\icons\protenumeration.gif -&gt; C:\Users\mark\src\Mingle.NET\Help\Working\Output\MSHelpViewer\icons\protenumeration.gif
C:\Program Files (x86)\Sandcastle\Presentation\vs2005\icons\protevent.gif -&gt; C:\Users\mark\src\Mingle.NET\Help\Working\Output\MSHelpViewer\icons\protevent.gif
C:\Program Files (x86)\Sandcastle\Presentation\vs2005\icons\protextension.gif -&gt; C:\Users\mark\src\Mingle.NET\Help\Working\Output\MSHelpViewer\icons\protextension.gif
C:\Program Files (x86)\Sandcastle\Presentation\vs2005\icons\protfield.gif -&gt; C:\Users\mark\src\Mingle.NET\Help\Working\Output\MSHelpViewer\icons\protfield.gif
C:\Program Files (x86)\Sandcastle\Presentation\vs2005\icons\protinterface.gif -&gt; C:\Users\mark\src\Mingle.NET\Help\Working\Output\MSHelpViewer\icons\protinterface.gif
C:\Program Files (x86)\Sandcastle\Presentation\vs2005\icons\protmethod.gif -&gt; C:\Users\mark\src\Mingle.NET\Help\Working\Output\MSHelpViewer\icons\protmethod.gif
C:\Program Files (x86)\Sandcastle\Presentation\vs2005\icons\protoperator.gif -&gt; C:\Users\mark\src\Mingle.NET\Help\Working\Output\MSHelpViewer\icons\protoperator.gif
C:\Program Files (x86)\Sandcastle\Presentation\vs2005\icons\protproperty.gif -&gt; C:\Users\mark\src\Mingle.NET\Help\Working\Output\MSHelpViewer\icons\protproperty.gif
C:\Program Files (x86)\Sandcastle\Presentation\vs2005\icons\protstructure.gif -&gt; C:\Users\mark\src\Mingle.NET\Help\Working\Output\MSHelpViewer\icons\protstructure.gif
C:\Program Files (x86)\Sandcastle\Presentation\vs2005\icons\pubclass.gif -&gt; C:\Users\mark\src\Mingle.NET\Help\Working\Output\MSHelpViewer\icons\pubclass.gif
C:\Program Files (x86)\Sandcastle\Presentation\vs2005\icons\pubdelegate.gif -&gt; C:\Users\mark\src\Mingle.NET\Help\Working\Output\MSHelpViewer\icons\pubdelegate.gif
C:\Program Files (x86)\Sandcastle\Presentation\vs2005\icons\pubenum.gif -&gt; C:\Users\mark\src\Mingle.NET\Help\Working\Output\MSHelpViewer\icons\pubenum.gif
C:\Program Files (x86)\Sandcastle\Presentation\vs2005\icons\pubenumeration.gif -&gt; C:\Users\mark\src\Mingle.NET\Help\Working\Output\MSHelpViewer\icons\pubenumeration.gif
C:\Program Files (x86)\Sandcastle\Presentation\vs2005\icons\pubevent.gif -&gt; C:\Users\mark\src\Mingle.NET\Help\Working\Output\MSHelpViewer\icons\pubevent.gif
C:\Program Files (x86)\Sandcastle\Presentation\vs2005\icons\pubextension.gif -&gt; C:\Users\mark\src\Mingle.NET\Help\Working\Output\MSHelpViewer\icons\pubextension.gif
C:\Program Files (x86)\Sandcastle\Presentation\vs2005\icons\pubfield.gif -&gt; C:\Users\mark\src\Mingle.NET\Help\Working\Output\MSHelpViewer\icons\pubfield.gif
C:\Program Files (x86)\Sandcastle\Presentation\vs2005\icons\pubinterface.gif -&gt; C:\Users\mark\src\Mingle.NET\Help\Working\Output\MSHelpViewer\icons\pubinterface.gif
C:\Program Files (x86)\Sandcastle\Presentation\vs2005\icons\pubmethod.gif -&gt; C:\Users\mark\src\Mingle.NET\Help\Working\Output\MSHelpViewer\icons\pubmethod.gif
C:\Program Files (x86)\Sandcastle\Presentation\vs2005\icons\puboperator.gif -&gt; C:\Users\mark\src\Mingle.NET\Help\Working\Output\MSHelpViewer\icons\puboperator.gif
C:\Program Files (x86)\Sandcastle\Presentation\vs2005\icons\pubproperty.gif -&gt; C:\Users\mark\src\Mingle.NET\Help\Working\Output\MSHelpViewer\icons\pubproperty.gif
C:\Program Files (x86)\Sandcastle\Presentation\vs2005\icons\pubstructure.gif -&gt; C:\Users\mark\src\Mingle.NET\Help\Working\Output\MSHelpViewer\icons\pubstructure.gif
C:\Program Files (x86)\Sandcastle\Presentation\vs2005\icons\requirements1a.gif -&gt; C:\Users\mark\src\Mingle.NET\Help\Working\Output\MSHelpViewer\icons\requirements1a.gif
C:\Program Files (x86)\Sandcastle\Presentation\vs2005\icons\requirements1c.gif -&gt; C:\Users\mark\src\Mingle.NET\Help\Working\Output\MSHelpViewer\icons\requirements1c.gif
C:\Program Files (x86)\Sandcastle\Presentation\vs2005\icons\save.gif -&gt; C:\Users\mark\src\Mingle.NET\Help\Working\Output\MSHelpViewer\icons\save.gif
C:\Program Files (x86)\Sandcastle\Presentation\vs2005\icons\save_hover.gif -&gt; C:\Users\mark\src\Mingle.NET\Help\Working\Output\MSHelpViewer\icons\save_hover.gif
C:\Program Files (x86)\Sandcastle\Presentation\vs2005\icons\security.gif -&gt; C:\Users\mark\src\Mingle.NET\Help\Working\Output\MSHelpViewer\icons\security.gif
C:\Program Files (x86)\Sandcastle\Presentation\vs2005\icons\seealso1a.gif -&gt; C:\Users\mark\src\Mingle.NET\Help\Working\Output\MSHelpViewer\icons\seealso1a.gif
C:\Program Files (x86)\Sandcastle\Presentation\vs2005\icons\seealso1c.gif -&gt; C:\Users\mark\src\Mingle.NET\Help\Working\Output\MSHelpViewer\icons\seealso1c.gif
C:\Program Files (x86)\Sandcastle\Presentation\vs2005\icons\slMobile.gif -&gt; C:\Users\mark\src\Mingle.NET\Help\Working\Output\MSHelpViewer\icons\slMobile.gif
C:\Program Files (x86)\Sandcastle\Presentation\vs2005\icons\static.gif -&gt; C:\Users\mark\src\Mingle.NET\Help\Working\Output\MSHelpViewer\icons\static.gif
C:\Program Files (x86)\Sandcastle\Presentation\vs2005\icons\xna.gif -&gt; C:\Users\mark\src\Mingle.NET\Help\Working\Output\MSHelpViewer\icons\xna.gif
C:\Program Files (x86)\Sandcastle\Presentation\vs2005\scripts\CheckboxMenu.js -&gt; C:\Users\mark\src\Mingle.NET\Help\Working\Output\MSHelpViewer\scripts\CheckboxMenu.js
C:\Program Files (x86)\Sandcastle\Presentation\vs2005\scripts\CommonUtilities.js -&gt; C:\Users\mark\src\Mingle.NET\Help\Working\Output\MSHelpViewer\scripts\CommonUtilities.js
C:\Program Files (x86)\Sandcastle\Presentation\vs2005\scripts\Dropdown.js -&gt; C:\Users\mark\src\Mingle.NET\Help\Working\Output\MSHelpViewer\scripts\Dropdown.js
C:\Program Files (x86)\Sandcastle\Presentation\vs2005\scripts\EventUtilities.js -&gt; C:\Users\mark\src\Mingle.NET\Help\Working\Output\MSHelpViewer\scripts\EventUtilities.js
C:\Program Files (x86)\Sandcastle\Presentation\vs2005\scripts\script_feedBack.js -&gt; C:\Users\mark\src\Mingle.NET\Help\Working\Output\MSHelpViewer\scripts\script_feedBack.js
C:\Program Files (x86)\Sandcastle\Presentation\vs2005\scripts\script_manifold.js -&gt; C:\Users\mark\src\Mingle.NET\Help\Working\Output\MSHelpViewer\scripts\script_manifold.js
C:\Program Files (x86)\Sandcastle\Presentation\vs2005\scripts\SplitScreen.js -&gt; C:\Users\mark\src\Mingle.NET\Help\Working\Output\MSHelpViewer\scripts\SplitScreen.js
C:\Program Files (x86)\Sandcastle\Presentation\vs2005\styles\Presentation.css -&gt; C:\Users\mark\src\Mingle.NET\Help\Working\Output\MSHelpViewer\styles\Presentation.css
C:\Program Files (x86)\Sandcastle\Presentation\vs2005\styles\Whidbey\presentation.css -&gt; C:\Users\mark\src\Mingle.NET\Help\Working\Output\MSHelpViewer\styles\Whidbey\presentation.css
    Last step completed in 00:00:00.1930
</buildStep>
<buildStep step="CopyAdditionalContent">
Copying additional content files...
No additional content to copy
    Last step completed in 00:00:00.0030
</buildStep>
<buildStep step="MergeTablesOfContents">
Merging conceptual and additional tables of contents...
    Last step completed in 00:00:00.0000
</buildStep>
<buildStep step="GenerateIntermediateTableOfContents">
Generating intermediate table of contents file...
[C:\Windows\Microsoft.NET\Framework\v3.5\MSBuild.exe]
GenerateIntermediateTOC:
  XslTransform (v2.6.10621.1)
  Copyright c Microsoft 2005-2006
  Info: Applying XSL transformation &#39;C:\Program Files (x86)\Sandcastle\ProductionTransforms\CreateVSToc.xsl&#39;.
  reflection.xml -&gt; toc.xml
Generating conceptual content intermediate TOC file...
    Last step completed in 00:00:00.3190
</buildStep>
<buildStep step="CreateBuildAssemblerConfigs">
Creating Sandcastle configuration files...
    sandcastle.config
    Last step completed in 00:00:00.0290
</buildStep>
<buildStep step="MergeCustomConfigs">
Merging custom build component configurations
C:\Users\mark\src\Mingle.NET\Help\Working\sandcastle.config
    Last step completed in 00:00:00.0740
</buildStep>
<buildStep step="BuildReferenceTopics">
Building reference help topics...
[C:\Windows\Microsoft.NET\Framework\v3.5\MSBuild.exe]
BuildReferenceTopics:
  BuildAssembler (v2.6.10621.1)
  Copyright c Microsoft 2006
  Info: CopyFromFileComponent: Instantiating component.
  Info: CopyFromFileComponent: Loading data file &#39;C:\Program Files (x86)\Sandcastle\Presentation\vs2005\Transforms\skeleton.xml&#39;.
  Info: CopyFromIndexComponent: Instantiating component.
  Info: CopyFromIndexComponent: Searching for files that match &#39;*.xml&#39;.
  Info: CopyFromIndexComponent: Searching for files that match &#39;reflection.xml&#39;.
  Info: CopyFromIndexComponent: Indexed 203372 elements in 409 files.
  Info: CopyFromIndexComponent: Loaded 0 copy components.
  Info: CopyFromIndexComponent: Instantiating component.
  Info: CopyFromIndexComponent: Loaded 0 copy components.
  Info: ForEachComponent: Instantiating component.
  Info: ForEachComponent: Loading subcomponents.
  Info: CopyFromIndexComponent: Instantiating component.
  Info: CopyFromIndexComponent: Loaded 0 copy components.
  Info: ForEachComponent: Loaded 1 subcomponents.
  Info: ForEachComponent: Instantiating component.
  Info: ForEachComponent: Loading subcomponents.
  Info: CopyFromIndexComponent: Instantiating component.
  Info: CopyFromIndexComponent: Loaded 0 copy components.
  Info: ForEachComponent: Loaded 1 subcomponents.
  Info: ForEachComponent: Instantiating component.
  Info: ForEachComponent: Loading subcomponents.
  Info: CopyFromIndexComponent: Instantiating component.
  Info: CopyFromIndexComponent: Loaded 0 copy components.
  Info: ForEachComponent: Loaded 1 subcomponents.
  Info: ForEachComponent: Instantiating component.
  Info: ForEachComponent: Loading subcomponents.
  Info: CopyFromIndexComponent: Instantiating component.
  Info: CopyFromIndexComponent: Loaded 0 copy components.
  Info: ForEachComponent: Loaded 1 subcomponents.
  Info: ForEachComponent: Instantiating component.
  Info: ForEachComponent: Loading subcomponents.
  Info: CopyFromIndexComponent: Instantiating component.
  Info: CopyFromIndexComponent: Loaded 0 copy components.
  Info: ForEachComponent: Loaded 1 subcomponents.
  Info: ForEachComponent: Instantiating component.
  Info: ForEachComponent: Loading subcomponents.
  Info: CopyFromIndexComponent: Instantiating component.
  Info: CopyFromIndexComponent: Loaded 0 copy components.
  Info: ForEachComponent: Loaded 1 subcomponents.
  Info: ForEachComponent: Instantiating component.
  Info: ForEachComponent: Loading subcomponents.
  Info: CopyFromIndexComponent: Instantiating component.
  Info: CopyFromIndexComponent: Loaded 0 copy components.
  Info: ForEachComponent: Loaded 1 subcomponents.
  Info: IfThenComponent: Instantiating component.
  Info: SyntaxComponent: Instantiating component.
  Info: SyntaxComponent: Loaded 3 syntax generators.
  Info: CopyFromIndexComponent: Instantiating component.
  Info: CopyFromIndexComponent: Searching for files that match &#39;C:\Windows\Microsoft.NET\Framework\v4.0.30319\en\*.xml&#39;.
  Info: CopyFromIndexComponent: Searching for files that match &#39;C:\Users\mark\src\Mingle.NET\Help\Working\ThoughtWorksCoreLib.XML&#39;.
  Info: CopyFromIndexComponent: Searching for files that match &#39;C:\Users\mark\src\Mingle.NET\Help\Working\ThoughtWorksMingleLib.XML&#39;.
  Info: CopyFromIndexComponent: Indexed 81778 elements in 51 files.
  Info: CopyFromIndexComponent: Loaded 0 copy components.
  Info: ForEachComponent: Instantiating component.
  Info: ForEachComponent: Loading subcomponents.
  Info: IfThenComponent: Instantiating component.
  Info: CopyFromIndexComponent: Instantiating component.
  Info: CopyFromIndexComponent: Loaded 0 copy components.
  Info: CopyFromIndexComponent: Instantiating component.
  Info: CopyFromIndexComponent: Loaded 0 copy components.
  Info: ForEachComponent: Loaded 2 subcomponents.
  Info: CopyFromIndexComponent: Instantiating component.
  Info: CopyFromIndexComponent: Loaded 0 copy components.
  Info: ShowMissingComponent: Instantiating component.
  Info: ShowMissingComponent: 
      [Sandcastle Help File Builder BuildAssembler Components, version 1.9.1.0]
      Show Missing Documentation Component. Copyright c 2006-2010, Eric Woodruff, All Rights Reserved
      http://SHFB.CodePlex.com
  Info: ShowMissingComponent:   All Show Missing options are disabled.  The component will do nothing.
  Info: VersionInfoComponent: Instantiating component.
  Info: VersionInfoComponent: 
      [Sandcastle Help File Builder BuildAssembler Components, version 1.9.1.0]
      Version Information Component. Copyright c 2006-2010, Eric Woodruff, All Rights Reserved
      http://SHFB.CodePlex.com
  Info: CodeBlockComponent: Instantiating component.
  Info: CodeBlockComponent: 
      [Sandcastle Help File Builder BuildAssembler Components, version 1.9.1.0]
      Code Block Component. Copyright c 2006-2010, Eric Woodruff, All Rights Reserved.
      Portions copyright (c) 2003, Jonathan de Halleux, All rights reserved.
      http://SHFB.CodePlex.com
  Info: TransformComponent: Instantiating component.
  Info: PostTransformComponent: Instantiating component.
  Info: PostTransformComponent: 
      [Sandcastle Help File Builder BuildAssembler Components, version 1.9.1.0]
      Post-Transform Component. Copyright c 2006-2010, Eric Woodruff, All Rights Reserved
      http://SHFB.CodePlex.com
  Info: MultiFormatOutputComponent: Instantiating component.
  Info: MultiFormatOutputComponent: 
      [Sandcastle Help File Builder BuildAssembler Components, version 1.9.1.0]
      Multi-Format Output Component. Copyright c 2006-2010, Eric Woodruff, All Rights Reserved
      http://SHFB.CodePlex.com
  Info: MultiFormatOutputComponent: Loading components for HtmlHelp1 format
  Info: SharedContentComponent: Instantiating component.
  Info: SharedContentComponent: Searching for files that match &#39;C:\Program Files (x86)\Sandcastle\Presentation\vs2005\content\shared_content.xml&#39;.
  Info: SharedContentComponent: Loading shared content file &#39;C:\Program Files (x86)\Sandcastle\Presentation\vs2005\content\shared_content.xml&#39;.
  Info: SharedContentComponent: Found 1 files in C:\Program Files (x86)\Sandcastle\Presentation\vs2005\content\shared_content.xml.
  Info: SharedContentComponent: Searching for files that match &#39;C:\Program Files (x86)\Sandcastle\Presentation\vs2005\content\reference_content.xml&#39;.
  Info: SharedContentComponent: Loading shared content file &#39;C:\Program Files (x86)\Sandcastle\Presentation\vs2005\content\reference_content.xml&#39;.
  Info: SharedContentComponent: Found 1 files in C:\Program Files (x86)\Sandcastle\Presentation\vs2005\content\reference_content.xml.
  Info: SharedContentComponent: Searching for files that match &#39;C:\Program Files (x86)\Sandcastle\Presentation\shared\content\syntax_content.xml&#39;.
  Info: SharedContentComponent: Loading shared content file &#39;C:\Program Files (x86)\Sandcastle\Presentation\shared\content\syntax_content.xml&#39;.
  Info: SharedContentComponent: Found 1 files in C:\Program Files (x86)\Sandcastle\Presentation\shared\content\syntax_content.xml.
  Info: SharedContentComponent: Searching for files that match &#39;C:\Program Files (x86)\Sandcastle\Presentation\vs2005\content\feedback_content.xml&#39;.
  Info: SharedContentComponent: Loading shared content file &#39;C:\Program Files (x86)\Sandcastle\Presentation\vs2005\content\feedBack_content.xml&#39;.
  Info: Share